0 info it worked if it ends with ok
1 verbose cli [ 'node', '/usr/local/bin/npm', 'publish' ]
2 info using npm@1.4.16
3 info using node@v0.10.12
4 verbose node symlink /usr/local/bin/node
5 verbose publish [ '.' ]
6 verbose cache add [ '.', null ]
7 verbose cache add name=undefined spec="." args=[".",null]
8 verbose parsed url { protocol: null,
8 verbose parsed url   slashes: null,
8 verbose parsed url   auth: null,
8 verbose parsed url   host: null,
8 verbose parsed url   port: null,
8 verbose parsed url   hostname: null,
8 verbose parsed url   hash: null,
8 verbose parsed url   search: null,
8 verbose parsed url   query: null,
8 verbose parsed url   pathname: '.',
8 verbose parsed url   path: '.',
8 verbose parsed url   href: '.' }
9 silly lockFile 3a52ce78- .
10 verbose lock . /Users/scott/.npm/3a52ce78-.lock
11 verbose tar pack [ '/Users/scott/.npm/CriticalCSS/0.1.5/package.tgz', '.' ]
12 verbose tarball /Users/scott/.npm/CriticalCSS/0.1.5/package.tgz
13 verbose folder .
14 info prepublish CriticalCSS@0.1.5
15 silly lockFile 1f1177db-tar tar://.
16 verbose lock tar://. /Users/scott/.npm/1f1177db-tar.lock
17 silly lockFile c5b257d3-pm-CriticalCSS-0-1-5-package-tgz tar:///Users/scott/.npm/CriticalCSS/0.1.5/package.tgz
18 verbose lock tar:///Users/scott/.npm/CriticalCSS/0.1.5/package.tgz /Users/scott/.npm/c5b257d3-pm-CriticalCSS-0-1-5-package-tgz.lock
19 silly lockFile 1f1177db-tar tar://.
20 silly lockFile 1f1177db-tar tar://.
21 silly lockFile c5b257d3-pm-CriticalCSS-0-1-5-package-tgz tar:///Users/scott/.npm/CriticalCSS/0.1.5/package.tgz
22 silly lockFile c5b257d3-pm-CriticalCSS-0-1-5-package-tgz tar:///Users/scott/.npm/CriticalCSS/0.1.5/package.tgz
23 silly lockFile b1c5a865-tt-npm-CriticalCSS-0-1-5-package /Users/scott/.npm/CriticalCSS/0.1.5/package
24 verbose lock /Users/scott/.npm/CriticalCSS/0.1.5/package /Users/scott/.npm/b1c5a865-tt-npm-CriticalCSS-0-1-5-package.lock
25 silly lockFile b1c5a865-tt-npm-CriticalCSS-0-1-5-package /Users/scott/.npm/CriticalCSS/0.1.5/package
26 silly lockFile b1c5a865-tt-npm-CriticalCSS-0-1-5-package /Users/scott/.npm/CriticalCSS/0.1.5/package
27 silly lockFile 3a52ce78- .
28 silly lockFile 3a52ce78- .
29 silly publish { name: 'CriticalCSS',
29 silly publish   description: 'Finds the Above the Fold CSS for your page, and outputs it into a file',
29 silly publish   version: '0.1.5',
29 silly publish   homepage: 'https://github.com/filamentgroup/criticalcss',
29 silly publish   author:
29 silly publish    { name: 'Scott Jehl/Jeffrey Lembeck/Filament Group',
29 silly publish      email: 'hello@filamentgroup.com',
29 silly publish      url: 'http://filamentgroup.com' },
29 silly publish   repository:
29 silly publish    { type: 'git',
29 silly publish      url: 'https://github.com/filamentgroup/criticalcss.git' },
29 silly publish   bugs: { url: 'https://github.com/filamentgroup/criticalcss/issues' },
29 silly publish   licenses:
29 silly publish    [ { type: 'MIT',
29 silly publish        url: 'https://github.com/filamentgroup/criticalcss/blob/master/LICENSE-MIT' } ],
29 silly publish   engines: { node: '>= 0.10.0' },
29 silly publish   scripts: { test: 'grunt nodeunit' },
29 silly publish   dependencies: { phantomjs: '1.9.7-9' },
29 silly publish   devDependencies:
29 silly publish    { 'grunt-contrib-jshint': '~0.1.1',
29 silly publish      'grunt-contrib-nodeunit': '~0.1.2',
29 silly publish      'grunt-contrib-qunit': '~0.3.0',
29 silly publish      'grunt-contrib-watch': '~0.2.0',
29 silly publish      grunt: '~0.4.5',
29 silly publish      'phantom-unit': '0.1.1' },
29 silly publish   keywords: [],
29 silly publish   readme: '# CriticalCSS\n\n[![Filament Group](http://filamentgroup.com/images/fg-logo-positive-sm-crop.png) ](http://www.filamentgroup.com/)\n\nFinds the Above the Fold CSS for your page, and outputs it into a file\n\n## Getting Started\nInstall the module with: `npm install criticalcss`\n\n```javascript\nvar criticalcss = require(\'criticalcss\');\n\ncriticalcss.findCritical("path/to/file/or/url", options (not required), function(err, output){\n\tif( err ){\n\t\tthrow new Error( err );\n\t} else {\n\t\tfs.writeFileSync( "filename, output );\n  }\n});\n\n```\n\n## Documentation\n.findCritical\n\nTakes url or path to file, an options hash, and a callback function\n\n### Default values for options hash\n\n* width:  1200;\n* height: 900;\n* filename: "all.css";\n\n## Examples\nCheck out the tests!\n\n## Contributing\nIn lieu of a formal styleguide, take care to maintain the existing coding style. Add unit tests for any new or changed functionality. Lint and test your code using [Grunt](http://gruntjs.com/).\n\n## Release History\n* v0.1.0 - Hey, released this thing\n\n## License\nCopyright (c) 2014 Scott Jehl/Jeffrey Lembeck/Filament Group  \nLicensed under the MIT license.\n',
29 silly publish   readmeFilename: 'README.md',
29 silly publish   gitHead: '26ec23edd2b4256697bc9bd041626021c1cc9184',
29 silly publish   _id: 'CriticalCSS@0.1.5',
29 silly publish   _shasum: 'e2eb318c3c74b677e72ac2a924b4434597450cc4',
29 silly publish   _from: '.' }
30 verbose request where is /CriticalCSS
31 verbose request registry https://registry.npmjs.org/
32 verbose request id 5d25af09bec67a72
33 verbose url raw /CriticalCSS
34 verbose url resolving [ 'https://registry.npmjs.org/', './CriticalCSS' ]
35 verbose url resolved https://registry.npmjs.org/CriticalCSS
36 verbose request where is https://registry.npmjs.org/CriticalCSS
37 info trying registry request attempt 1 at 22:12:36
38 http PUT https://registry.npmjs.org/CriticalCSS
39 http 403 https://registry.npmjs.org/CriticalCSS
40 verbose headers { date: 'Fri, 27 Jun 2014 03:12:37 GMT',
40 verbose headers   server: 'CouchDB/1.5.0 (Erlang OTP/R14B04)',
40 verbose headers   'content-type': 'application/json',
40 verbose headers   'cache-control': 'max-age=30',
40 verbose headers   'content-length': '76',
40 verbose headers   'accept-ranges': 'bytes',
40 verbose headers   via: '1.1 varnish',
40 verbose headers   'x-served-by': 'cache-dfw1825-DFW',
40 verbose headers   'x-cache': 'MISS',
40 verbose headers   'x-cache-hits': '0',
40 verbose headers   'x-timer': 'S1403838757.308110,VS0,VE210',
40 verbose headers   'keep-alive': 'timeout=10, max=50',
40 verbose headers   connection: 'Keep-Alive' }
41 error publish Failed PUT 403
42 error Error: forbidden New packages must have all-lowercase names: CriticalCSS
42 error     at RegClient.<anonymous> (/usr/local/lib/node_modules/npm/node_modules/npm-registry-client/lib/request.js:300:14)
42 error     at Request._callback (/usr/local/lib/node_modules/npm/node_modules/npm-registry-client/lib/request.js:238:65)
42 error     at Request.self.callback (/usr/local/lib/node_modules/npm/node_modules/request/request.js:123:22)
42 error     at Request.EventEmitter.emit (events.js:98:17)
42 error     at Request.<anonymous> (/usr/local/lib/node_modules/npm/node_modules/request/request.js:893:14)
42 error     at Request.EventEmitter.emit (events.js:117:20)
42 error     at IncomingMessage.<anonymous> (/usr/local/lib/node_modules/npm/node_modules/request/request.js:844:12)
42 error     at IncomingMessage.EventEmitter.emit (events.js:117:20)
42 error     at _stream_readable.js:910:16
42 error     at process._tickCallback (node.js:415:13)
43 error If you need help, you may report this *entire* log,
43 error including the npm and node versions, at:
43 error     <http://github.com/npm/npm/issues>
44 error System Darwin 12.5.0
45 error command "node" "/usr/local/bin/npm" "publish"
46 error cwd /Users/scott/Sites/criticalCSS
47 error node -v v0.10.12
48 error npm -v 1.4.16
49 verbose exit [ 1, true ]
